<?xml version="1.0" encoding="UTF-8"?>
<!-- Generated by org.testng.reporters.JUnitXMLReporter -->
<testsuite hostname="BoopathiPC" ignored="0" name="Tesecase" tests="4" failures="0" timestamp="2020-08-09T07:05:07 IST" time="39.278" errors="0">
  <testcase name="bothcorrect" time="15.324" classname="Parameter.BothCorrect"/>
  <testcase name="bothINcorrect" time="7.73" classname="Parameter.BothIncorrect"/>
  <testcase name="correctpass" time="7.912" classname="Parameter.CorrectPass"/>
  <testcase name="correctUname" time="8.262" classname="Parameter.CorrectUname"/>
</testsuite> <!-- Tesecase -->
