<?xml version="1.0" encoding="UTF-8"?>
<testng-results skipped="0" failed="0" ignored="0" total="4" passed="4">
  <reporter-output>
  </reporter-output>
  <suite name="Default suite" duration-ms="43217" started-at="2020-08-09T11:35:21 IST" finished-at="2020-08-09T11:36:04 IST">
    <groups>
    </groups>
    <test name="Default test" duration-ms="43217" started-at="2020-08-09T11:35:21 IST" finished-at="2020-08-09T11:36:04 IST">
      <class name="Login">
        <test-method status="PASS" signature="LoginPage(java.lang.String, java.lang.String)[pri:0, instance:Login@1f36e637]" name="LoginPage" duration-ms="14318" started-at="2020-08-09T11:35:21 IST" data-provider="LoginDataProvider" finished-at="2020-08-09T11:35:35 IST">
          <params>
            <param index="0">
              <value>
                <![CDATA[Admin]]>
              </value>
            </param>
            <param index="1">
              <value>
                <![CDATA[admin123]]>
              </value>
            </param>
          </params>
          <reporter-output>
          </reporter-output>
        </test-method> <!-- LoginPage -->
        <test-method status="PASS" signature="LoginPage(java.lang.String, java.lang.String)[pri:0, instance:Login@1f36e637]" name="LoginPage" duration-ms="9777" started-at="2020-08-09T11:35:35 IST" data-provider="LoginDataProvider" finished-at="2020-08-09T11:35:45 IST">
          <params>
            <param index="0">
              <value>
                <![CDATA[Admin]]>
              </value>
            </param>
            <param index="1">
              <value>
                <![CDATA[admi]]>
              </value>
            </param>
          </params>
          <reporter-output>
          </reporter-output>
        </test-method> <!-- LoginPage -->
        <test-method status="PASS" signature="LoginPage(java.lang.String, java.lang.String)[pri:0, instance:Login@1f36e637]" name="LoginPage" duration-ms="10048" started-at="2020-08-09T11:35:45 IST" data-provider="LoginDataProvider" finished-at="2020-08-09T11:35:55 IST">
          <params>
            <param index="0">
              <value>
                <![CDATA[Admin1]]>
              </value>
            </param>
            <param index="1">
              <value>
                <![CDATA[admin123]]>
              </value>
            </param>
          </params>
          <reporter-output>
          </reporter-output>
        </test-method> <!-- LoginPage -->
        <test-method status="PASS" signature="LoginPage(java.lang.String, java.lang.String)[pri:0, instance:Login@1f36e637]" name="LoginPage" duration-ms="8944" started-at="2020-08-09T11:35:55 IST" data-provider="LoginDataProvider" finished-at="2020-08-09T11:36:04 IST">
          <params>
            <param index="0">
              <value>
                <![CDATA[Admin1]]>
              </value>
            </param>
            <param index="1">
              <value>
                <![CDATA[admi]]>
              </value>
            </param>
          </params>
          <reporter-output>
          </reporter-output>
        </test-method> <!-- LoginPage -->
      </class> <!-- Login -->
    </test> <!-- Default test -->
  </suite> <!-- Default suite -->
</testng-results>
